2022-05-05 21:14:17.727 [restartedMain] WARN  com.netflix.config.sources.URLConfigurationSource - No URLs will be polled as dynamic configuration sources.
2022-05-05 21:14:17.764 [restartedMain] WARN  com.netflix.config.sources.URLConfigurationSource - No URLs will be polled as dynamic configuration sources.
2022-05-05 21:30:24.341 [restartedMain] WARN  com.netflix.config.sources.URLConfigurationSource - No URLs will be polled as dynamic configuration sources.
2022-05-05 21:30:24.347 [restartedMain] WARN  com.netflix.config.sources.URLConfigurationSource - No URLs will be polled as dynamic configuration sources.
2022-05-05 21:31:06.272 [http-nio-8201-exec-1] WARN  org.springframework.web.servlet.PageNotFound - No mapping for GET /swagger-ui.html
2022-05-05 21:31:06.579 [http-nio-8201-exec-2] WARN  org.springframework.web.servlet.PageNotFound - No mapping for GET /favicon.ico
2022-05-05 21:31:20.375 [http-nio-8201-exec-3] WARN  org.springframework.web.servlet.PageNotFound - No mapping for GET /swagger-ui.html
2022-05-05 21:32:14.644 [restartedMain] WARN  com.netflix.config.sources.URLConfigurationSource - No URLs will be polled as dynamic configuration sources.
2022-05-05 21:32:14.651 [restartedMain] WARN  com.netflix.config.sources.URLConfigurationSource - No URLs will be polled as dynamic configuration sources.
2022-05-05 21:36:46.459 [http-nio-8201-exec-2] WARN  o.s.w.s.m.m.a.ExceptionHandlerExceptionResolver - Resolved [org.springframework.http.converter.HttpMessageNotReadableException: JSON parse error: Cannot deserialize value of type `java.util.Date` from String "2022-05-05T13:32:42.971Z": expected format "yyyy-MM-dd HH:mm:ss"; nested exception is com.fasterxml.jackson.databind.exc.InvalidFormatException: Cannot deserialize value of type `java.util.Date` from String "2022-05-05T13:32:42.971Z": expected format "yyyy-MM-dd HH:mm:ss"
 at [Source: (PushbackInputStream); line: 5, column: 17] (through reference chain: pers.zmj.appointment.model.hosp.HospitalSet["createTime"])]
2022-05-05 21:40:35.339 [restartedMain] WARN  com.netflix.config.sources.URLConfigurationSource - No URLs will be polled as dynamic configuration sources.
2022-05-05 21:40:35.345 [restartedMain] WARN  com.netflix.config.sources.URLConfigurationSource - No URLs will be polled as dynamic configuration sources.
2022-05-05 21:43:27.455 [http-nio-8201-exec-3] WARN  o.s.w.s.m.m.a.ExceptionHandlerExceptionResolver - Resolved [org.springframework.http.converter.HttpMessageNotReadableException: JSON parse error: Cannot deserialize value of type `java.util.Date` from String "2022-05-05T13:42:26.029Z": expected format "yyyy-MM-dd HH:mm:ss"; nested exception is com.fasterxml.jackson.databind.exc.InvalidFormatException: Cannot deserialize value of type `java.util.Date` from String "2022-05-05T13:42:26.029Z": expected format "yyyy-MM-dd HH:mm:ss"
 at [Source: (PushbackInputStream); line: 5, column: 17] (through reference chain: pers.zmj.appointment.model.hosp.HospitalSet["createTime"])]
2022-05-05 22:00:40.751 [restartedMain] WARN  com.netflix.config.sources.URLConfigurationSource - No URLs will be polled as dynamic configuration sources.
2022-05-05 22:00:40.758 [restartedMain] WARN  com.netflix.config.sources.URLConfigurationSource - No URLs will be polled as dynamic configuration sources.
2022-05-05 22:13:58.586 [http-nio-8201-exec-1] WARN  o.s.w.s.m.m.a.ExceptionHandlerExceptionResolver - Resolved [org.springframework.http.converter.HttpMessageNotReadableException: JSON parse error: Cannot deserialize instance of `java.util.ArrayList<java.lang.Long>` out of START_OBJECT token; nested exception is com.fasterxml.jackson.databind.exc.MismatchedInputException: Cannot deserialize instance of `java.util.ArrayList<java.lang.Long>` out of START_OBJECT token
 at [Source: (PushbackInputStream); line: 1, column: 1]]
2022-05-05 22:14:46.273 [http-nio-8201-exec-5] WARN  o.s.w.s.m.m.a.ExceptionHandlerExceptionResolver - Resolved [org.springframework.http.converter.HttpMessageNotReadableException: JSON parse error: Cannot deserialize instance of `java.util.ArrayList<java.lang.Long>` out of VALUE_STRING token; nested exception is com.fasterxml.jackson.databind.exc.MismatchedInputException: Cannot deserialize instance of `java.util.ArrayList<java.lang.Long>` out of VALUE_STRING token
 at [Source: (PushbackInputStream); line: 1, column: 1]]
2022-05-05 22:16:18.678 [restartedMain] WARN  com.netflix.config.sources.URLConfigurationSource - No URLs will be polled as dynamic configuration sources.
2022-05-05 22:16:18.688 [restartedMain] WARN  com.netflix.config.sources.URLConfigurationSource - No URLs will be polled as dynamic configuration sources.
2022-05-05 22:17:06.624 [http-nio-8201-exec-1] WARN  o.s.w.s.m.m.a.ExceptionHandlerExceptionResolver - Resolved [java.lang.ArithmeticException: / by zero]
2022-05-05 22:20:58.627 [http-nio-8201-exec-3] WARN  o.s.w.s.m.m.a.ExceptionHandlerExceptionResolver - Resolved [java.lang.ArithmeticException: / by zero]
